<?xml version="1.0" encoding="UTF-8"?>
<!-- Generated by org.testng.reporters.JUnitXMLReporter -->
<testsuite hostname="DESKTOP-T0LRAQ4" name="Default test" tests="4" failures="0" timestamp="15 Sep 2022 08:21:31 GMT" time="15.043" errors="0">
  <testcase name="branches" time="3.707" classname="sep7.ThirdTestNGClass"/>
  <testcase name="employess" time="3.548" classname="sep7.ThirdTestNGClass"/>
  <testcase name="roles" time="3.821" classname="sep7.ThirdTestNGClass"/>
  <testcase name="users" time="3.551" classname="sep7.ThirdTestNGClass"/>
</testsuite> <!-- Default test -->
