<?xml version="1.0" encoding="UTF-8"?>
<testng-results skipped="0" failed="0" total="4" passed="4">
  <reporter-output>
  </reporter-output>
  <suite name="Default suite" duration-ms="15043" started-at="2022-09-15T08:21:16Z" finished-at="2022-09-15T08:21:31Z">
    <groups>
    </groups>
    <test name="Default test" duration-ms="15043" started-at="2022-09-15T08:21:16Z" finished-at="2022-09-15T08:21:31Z">
      <class name="sep7.ThirdTestNGClass">
        <test-method status="PASS" signature="setUp()[pri:0, instance:sep7.ThirdTestNGClass@50c87b21]" name="setUp" is-config="true" duration-ms="26859" started-at="2022-09-15T13:50:49Z" finished-at="2022-09-15T13:51:16Z">
          <reporter-output>
          </reporter-output>
        </test-method> <!-- setUp -->
        <test-method status="PASS" signature="branches()[pri:0, instance:sep7.ThirdTestNGClass@50c87b21]" name="branches" duration-ms="3707" started-at="2022-09-15T13:51:16Z" finished-at="2022-09-15T13:51:20Z">
          <reporter-output>
          </reporter-output>
        </test-method> <!-- branches -->
        <test-method status="PASS" signature="employess()[pri:0, instance:sep7.ThirdTestNGClass@50c87b21]" name="employess" duration-ms="3548" started-at="2022-09-15T13:51:20Z" finished-at="2022-09-15T13:51:23Z">
          <reporter-output>
          </reporter-output>
        </test-method> <!-- employess -->
        <test-method status="PASS" signature="roles()[pri:0, instance:sep7.ThirdTestNGClass@50c87b21]" name="roles" duration-ms="3821" started-at="2022-09-15T13:51:23Z" finished-at="2022-09-15T13:51:27Z">
          <reporter-output>
          </reporter-output>
        </test-method> <!-- roles -->
        <test-method status="PASS" signature="users()[pri:0, instance:sep7.ThirdTestNGClass@50c87b21]" name="users" duration-ms="3551" started-at="2022-09-15T13:51:27Z" finished-at="2022-09-15T13:51:31Z">
          <reporter-output>
          </reporter-output>
        </test-method> <!-- users -->
        <test-method status="PASS" signature="tearDown()[pri:0, instance:sep7.ThirdTestNGClass@50c87b21]" name="tearDown" is-config="true" duration-ms="265" started-at="2022-09-15T13:51:31Z" finished-at="2022-09-15T13:51:31Z">
          <reporter-output>
          </reporter-output>
        </test-method> <!-- tearDown -->
      </class> <!-- sep7.ThirdTestNGClass -->
    </test> <!-- Default test -->
  </suite> <!-- Default suite -->
</testng-results>
